H8S,H8/300 SERIES C/C++ COMPILER (V.6.02.01.000)    5-Feb-2025 16:18:03 PAGE   1

************ SOURCE LISTING ************

      Line Pi 0----+----1----+----2----+----3----+----4----+----5----+----6----+----7----+----8----+----9----+----0----+----1----+--
FILE NAME: C:\Users\s4exp\Desktop\R7a_team5\test_merge\Soft2\bios_sw_input.c
         1     /****************************************************************************************************************/
         2     /*  FILE        : bios_sw_input.c                                                                               */
         3     /*  DATE        :Tue, Jan 17, 2012                                                                              */
         4     /*  DESCRIPTION :AGVのワークベンチ上のスイッチ状態を獲得するモジュール                                          */
         5     /*  CPU TYPE    :H8/3052F                                                                                       */
         6     /****************************************************************************************************************/
         7     #include    "machine.h"                             /* 組込み関数の定義                                         */
         8     #include    "reg3052.h"                             /* H8/3052Fの内蔵モジュール定義                             */
         9     #include    "agvdef.h"                              /* 無人搬送車のデバイス定義                                 */
        10     
        11     /****************************************************************************************************************/
        12     /*  bios_sw_input関数                                                                                           */
        13     /****************************************************************************************************************/
        14     unsigned char bios_sw_input(void)
        15     {
        16         /* SWポート(0xa0007番地)から値を読み出し、戻り値とする */
        17         return (SW_PORT);
        18     }


H8S,H8/300 SERIES C/C++ COMPILER (V.6.02.01.000)    5-Feb-2025 16:18:03 PAGE   1

******* SECTION SIZE INFORMATION *******

PROGRAM  SECTION(P):                                0x00000008 Byte(s)
CONSTANT SECTION(C):                                0x00000000 Byte(s)
DATA     SECTION(D):                                0x00000000 Byte(s)
BSS      SECTION(B):                                0x00000000 Byte(s)

TOTAL PROGRAM  SECTION: 0x00000008 Byte(s)
TOTAL CONSTANT SECTION: 0x00000000 Byte(s)
TOTAL DATA     SECTION: 0x00000000 Byte(s)
TOTAL BSS      SECTION: 0x00000000 Byte(s)

    TOTAL PROGRAM SIZE: 0x00000008 Byte(s)



** ASSEMBLER/LINKAGE EDITOR LIMITS INFORMATION **

NUMBER OF EXTERNAL REFERENCE  SYMBOLS:        0 
NUMBER OF EXTERNAL DEFINITION SYMBOLS:        1 
NUMBER OF INTERNAL/EXTERNAL SYMBOLS:          1 



**** COMPILE CONDITION INFORMATION ****

COMMAND LINE: -cpu=300HA:20 -object=C:\Users\s4exp\Desktop\R7a_team5\test_merge\Soft2\Debug\bios_sw_input.obj -debug -list=C:\Users\s4exp\Desktop\R7a_team5\test_merge\Soft2\Debug\bios_sw_input.lst -show=tab=4 -chgincpath C:\Users\s4exp\Desktop\R7a_team5\test_merge\Soft2\bios_sw_input.c -lang=c -nologo
CPU         : 300ha:20
