H8S,H8/300 SERIES C/C++ COMPILER (V.6.02.01.000)    5-Feb-2025 16:44:54 PAGE   1

************ SOURCE LISTING ************

      Line Pi 0----+----1----+----2----+----3----+----4----+----5----+----6----+----7----+----8----+----9----+----0----+----1----+--
FILE NAME: C:\Users\s4exp\Desktop\R7a_team5\test_merge_v2\Soft2\dbsct.c
         1     /***********************************************************************/
         2     /*                                                                     */
         3     /*  FILE        :dbsct.c                                               */
         4     /*  DATE        :Sat, Jun 26, 2010                                     */
         5     /*  DESCRIPTION :Setting of B,R Section                                */
         6     /*  CPU TYPE    :H8/3052F                                              */
         7     /*                                                                     */
         8     /*  This file is generated by Renesas Project Generator (Ver.4.9).     */
         9     /*                                                                     */
        10     /***********************************************************************/
        11     #include "typedefine.h"
        12     
        13     #pragma section $DSEC
        14     static const struct {
        15         _UBYTE *rom_s;       /* Start address of the initialized data section in ROM */
        16         _UBYTE *rom_e;       /* End address of the initialized data section in ROM   */
        17         _UBYTE *ram_s;       /* Start address of the initialized data section in RAM */
        18     }DTBL[]= {
        19         {__sectop("D"), __secend("D"), __sectop("R")},
        20     //  {__sectop("$ABS8D"), __secend("$ABS8D"), __sectop("$ABS8R")},
        21     //  {__sectop("$ABS16D") , __secend("$ABS16D") , __sectop("$ABS16R") }
        22     };
        23     #pragma section $BSEC
        24     static const struct {
        25         _UBYTE *b_s;         /* Start address of non-initialized data section */
        26         _UBYTE *b_e;         /* End address of non-initialized data section */
        27     }BTBL[]= {
        28         {__sectop("B"), __secend("B")},
        29     //  {__sectop("$ABS8B"), __secend("$ABS8B")},
        30     //  {__sectop("$ABS16B"), __secend("$ABS16B")}
        31     };


H8S,H8/300 SERIES C/C++ COMPILER (V.6.02.01.000)    5-Feb-2025 16:44:54 PAGE   1

******* SECTION SIZE INFORMATION *******

PROGRAM  SECTION(P):                                0x00000000 Byte(s)
CONSTANT SECTION(C):                                0x00000000 Byte(s)
CONSTANT SECTION(C$DSEC):                           0x0000000C Byte(s)
CONSTANT SECTION(C$BSEC):                           0x00000008 Byte(s)
DATA     SECTION(D):                                0x00000000 Byte(s)
BSS      SECTION(B):                                0x00000000 Byte(s)

TOTAL PROGRAM  SECTION: 0x00000000 Byte(s)
TOTAL CONSTANT SECTION: 0x00000014 Byte(s)
TOTAL DATA     SECTION: 0x00000000 Byte(s)
TOTAL BSS      SECTION: 0x00000000 Byte(s)

    TOTAL PROGRAM SIZE: 0x00000014 Byte(s)



** ASSEMBLER/LINKAGE EDITOR LIMITS INFORMATION **

NUMBER OF EXTERNAL REFERENCE  SYMBOLS:        0 
NUMBER OF EXTERNAL DEFINITION SYMBOLS:        0 
NUMBER OF INTERNAL/EXTERNAL SYMBOLS:          2 



**** COMPILE CONDITION INFORMATION ****

COMMAND LINE: -cpu=300HA:20 -object=C:\Users\s4exp\Desktop\R7a_team5\test_merge_v2\Soft2\Debug\dbsct.obj -debug -list=C:\Users\s4exp\Desktop\R7a_team5\test_merge_v2\Soft2\Debug\dbsct.lst -show=tab=4 -chgincpath C:\Users\s4exp\Desktop\R7a_team5\test_merge_v2\Soft2\dbsct.c -lang=c -nologo
CPU         : 300ha:20
