H8S,H8/300 SERIES C/C++ COMPILER (V.6.02.01.000)   28-Jan-2025 15:00:39 PAGE   1

************ SOURCE LISTING ************

      Line Pi 0----+----1----+----2----+----3----+----4----+----5----+----6----+----7----+----8----+----9----+----0----+----1----+--
FILE NAME: C:\Users\s4exp\Downloads\soft2_test\soft2\soft2\soft2\Soft2\startup.c
         1     /************************************************************************/
         2     /*  FILE        :startup.c                                              */
         3     /*  DATE        :Tue, Jan 17, 2012                                      */
         4     /*  DESCRIPTION :Reset Program                                          */
         5     /*  CPU TYPE    :H8/3052F                                               */
         6     /************************************************************************/
         7     #include    "stacksct.h"
         8     
         9     extern void main(void);             /* main関数は外部宣言である                 */
        10     
        11     #pragma entry PowerON_Reset         /* PowerON_Reset関数からプログラム開始　    */
        12     
        13     
        14     void  PowerON_Reset(void)
        15     { 
        16         _INITSCT();                     /* データ処理領域の初期化関数(ライブラリ)   */
        17     
        18         main();                         /* main関数の呼出し                         */
        19     }
        20     


H8S,H8/300 SERIES C/C++ COMPILER (V.6.02.01.000)   28-Jan-2025 15:00:39 PAGE   1

******* SECTION SIZE INFORMATION *******

PROGRAM  SECTION(P):                                0x0000000E Byte(s)
CONSTANT SECTION(C):                                0x00000000 Byte(s)
DATA     SECTION(D):                                0x00000000 Byte(s)
BSS      SECTION(B):                                0x00000000 Byte(s)
STACK    SECTION(S):                                0x00000100 Byte(s)

TOTAL PROGRAM  SECTION: 0x0000000E Byte(s)
TOTAL CONSTANT SECTION: 0x00000000 Byte(s)
TOTAL DATA     SECTION: 0x00000000 Byte(s)
TOTAL BSS      SECTION: 0x00000000 Byte(s)
TOTAL STACK    SECTION: 0x00000100 Byte(s)

    TOTAL PROGRAM SIZE: 0x0000010E Byte(s)



** ASSEMBLER/LINKAGE EDITOR LIMITS INFORMATION **

NUMBER OF EXTERNAL REFERENCE  SYMBOLS:        2 
NUMBER OF EXTERNAL DEFINITION SYMBOLS:        1 
NUMBER OF INTERNAL/EXTERNAL SYMBOLS:          3 



**** COMPILE CONDITION INFORMATION ****

COMMAND LINE: -cpu=300HA:20 -object=C:\Users\s4exp\Downloads\soft2_test\soft2\soft2\soft2\Soft2\Debug\startup.obj -debug -list=C:\Users\s4exp\Downloads\soft2_test\soft2\soft2\soft2\Soft2\Debug\startup.lst -show=tab=4 -chgincpath C:\Users\s4exp\Downloads\soft2_test\soft2\soft2\soft2\Soft2\startup.c -lang=c -nologo
CPU         : 300ha:20
